        -:    0:Source:funcoes.cpp
        -:    0:Graph:funcoes.gcno
        -:    0:Data:funcoes.gcda
        -:    0:Runs:1
        -:    0:Programs:1
        -:    1:/*EOF*/
        -:    2:/*EOF*/
        -:    3:/*EOF*/
        -:    4:/*EOF*/
        -:    5:/*EOF*/
        -:    6:/*EOF*/
        -:    7:/*EOF*/
        -:    8:/*EOF*/
        -:    9:/*EOF*/
        -:   10:/*EOF*/
        -:   11:/*EOF*/
        -:   12:/*EOF*/
       28:   13:/*EOF*/
        -:   14:/*EOF*/
        -:   15:/*EOF*/
        -:   16:/*EOF*/
       28:   17:/*EOF*/
        -:   18:/*EOF*/
        -:   19:/*EOF*/
        6:   20:/*EOF*/
        6:   21:/*EOF*/
        -:   22:/*EOF*/
        -:   23:/*EOF*/
        3:   24:/*EOF*/
        3:   25:/*EOF*/
        -:   26:/*EOF*/
        -:   27:/*EOF*/
       12:   28:/*EOF*/
       12:   29:/*EOF*/
        -:   30:/*EOF*/
        -:   31:/*EOF*/
        1:   32:/*EOF*/
        1:   33:/*EOF*/
        -:   34:/*EOF*/
        -:   35:/*EOF*/
        2:   36:/*EOF*/
        2:   37:/*EOF*/
        -:   38:/*EOF*/
        -:   39:/*EOF*/
        1:   40:/*EOF*/
        1:   41:/*EOF*/
        -:   42:/*EOF*/
        -:   43:/*EOF*/
        1:   44:/*EOF*/
        1:   45:/*EOF*/
        -:   46:/*EOF*/
        -:   47:/*EOF*/
        2:   48:/*EOF*/
        -:   49:/*EOF*/
        -:   50:/*EOF*/
       28:   51:/*EOF*/
        -:   52:/*EOF*/
        6:   53:/*EOF*/
        -:   54:/*EOF*/
        -:   55:/*EOF*/
        -:   56:/*EOF*/
       34:   57:/*EOF*/
        -:   58:/*EOF*/
       28:   59:/*EOF*/
        -:   60:/*EOF*/
        6:   61:/*EOF*/
        -:   62:/*EOF*/
        6:   63:/*EOF*/
        -:   64:/*EOF*/
        -:   65:/*EOF*/
        -:   66:/*EOF*/
        -:   67:/*EOF*/
        -:   68:/*EOF*/
        -:   69:/*EOF*/
        -:   70:/*EOF*/
        6:   71:/*EOF*/
        -:   72:/*EOF*/
        6:   73:/*EOF*/
        -:   74:/*EOF*/
        6:   75:/*EOF*/
        -:   76:/*EOF*/
        6:   77:/*EOF*/
        -:   78:/*EOF*/
        -:   79:/*EOF*/
        6:   80:/*EOF*/
        -:   81:/*EOF*/
        6:   82:/*EOF*/
        -:   83:/*EOF*/
       27:   84:/*EOF*/
        -:   85:/*EOF*/
       23:   86:/*EOF*/
        -:   87:/*EOF*/
        4:   88:/*EOF*/
        -:   89:/*EOF*/
    #####:   90:/*EOF*/
    #####:   91:/*EOF*/
        -:   92:/*EOF*/
        4:   93:/*EOF*/
        4:   94:/*EOF*/
        -:   95:/*EOF*/
        -:   96:/*EOF*/
        -:   97:/*EOF*/
       19:   98:/*EOF*/
        -:   99:/*EOF*/
       23:  100:/*EOF*/
        -:  101:/*EOF*/
        9:  102:/*EOF*/
        9:  103:/*EOF*/
        -:  104:/*EOF*/
        -:  105:/*EOF*/
       23:  106:/*EOF*/
        -:  107:/*EOF*/
       10:  108:/*EOF*/
        -:  109:/*EOF*/
        2:  110:/*EOF*/
        -:  111:/*EOF*/
        -:  112:/*EOF*/
        -:  113:/*EOF*/
       23:  114:/*EOF*/
        -:  115:/*EOF*/
        2:  116:/*EOF*/
        2:  117:/*EOF*/
        2:  118:/*EOF*/
        -:  119:/*EOF*/
       21:  120:/*EOF*/
        -:  121:/*EOF*/
        -:  122:/*EOF*/
        6:  123:/*EOF*/
        -:  124:/*EOF*/
        2:  125:/*EOF*/
        -:  126:/*EOF*/
        -:  127:/*EOF*/
        6:  128:/*EOF*/
